<?xml version="1.0" encoding="UTF-8" standalone="no"?>
<recording date="18/07/2023" time="02:15">
    <layout>CL4_DL_N</layout>
    <events>
        <event t="218" type="eyePosition">0.125:0.125</event>
        <event t="248" type="eyePosition">0.21875:0.21875</event>
        <event t="280" type="eyePosition">0.2890625:0.2890625</event>
        <event t="312" type="eyePosition">0.34179688:0.34179688</event>
        <event t="344" type="eyePosition">0.38134766:0.38134766</event>
        <event t="375" type="eyePosition">0.41101074:0.41101074</event>
        <event t="407" type="eyePosition">0.43325806:0.43325806</event>
        <event t="438" type="eyePosition">0.44994354:0.44994354</event>
        <event t="474" type="eyePosition">0.46245766:0.46245766</event>
        <event t="502" type="eyePosition">0.47184324:0.47184324</event>
        <event t="534" type="eyePosition">0.47888243:0.47888243</event>
        <event t="565" type="eyePosition">0.48416182:0.48416182</event>
        <event t="596" type="eyePosition">0.48812136:0.48812136</event>
        <event t="628" type="eyePosition">0.491091:0.491091</event>
        <event t="660" type="eyePosition">0.49331826:0.49331826</event>
        <event t="692" type="eyePosition">0.49498868:0.49498868</event>
        <event t="724" type="eyePosition">0.4962415:0.4962415</event>
        <event t="755" type="eyePosition">0.49718112:0.49718112</event>
        <event t="787" type="eyePosition">0.49788582:0.49788582</event>
        <event t="819" type="eyePosition">0.49841437:0.49841437</event>
        <event t="851" type="eyePosition">0.49881077:0.49881077</event>
        <event t="883" type="eyePosition">0.49910808:0.49910808</event>
        <event t="915" type="eyePosition">0.49933106:0.49933106</event>
        <event t="947" type="eyePosition">0.4994983:0.4994983</event>
        <event t="978" type="eyePosition">0.49962372:0.49962372</event>
        <event t="1010" type="eyePosition">0.49971777:0.49971777</event>
        <event t="1042" type="eyePosition">0.49978834:0.49978834</event>
        <event t="1074" type="eyePosition">0.49984127:0.49984127</event>
        <event t="1106" type="eyePosition">0.49988097:0.49988097</event>
        <event t="1138" type="eyePosition">0.4999107:0.4999107</event>
        <event t="1170" type="eyePosition">0.49993303:0.49993303</event>
        <event t="1202" type="eyePosition">0.49994978:0.49994978</event>
        <event t="1234" type="eyePosition">0.49996233:0.49996233</event>
        <event t="1266" type="eyePosition">0.49997175:0.49997175</event>
        <event t="1316" type="eyePosition">0.4999788:0.4999788</event>
        <event t="1367" type="eyePosition">0.49998412:0.49998412</event>
        <event t="1381" type="eyePosition">0.49998808:0.49998808</event>
        <event t="1410" type="eyePosition">0.49999106:0.49999106</event>
        <event t="1441" type="eyePosition">0.4999933:0.4999933</event>
        <event t="1473" type="eyePosition">0.49999496:0.49999496</event>
        <event t="1505" type="eyePosition">0.49999622:0.49999622</event>
        <event t="1536" type="eyePosition">0.49999717:0.49999717</event>
        <event t="1567" type="eyePosition">0.49999788:0.49999788</event>
        <event t="1599" type="eyePosition">0.49999842:0.49999842</event>
        <event t="1630" type="eyePosition">0.4999988:0.4999988</event>
        <event t="1661" type="eyePosition">0.4999991:0.4999991</event>
        <event t="1692" type="eyePosition">0.49999934:0.49999934</event>
        <event t="1724" type="eyePosition">0.49999952:0.49999952</event>
        <event t="1756" type="eyePosition">0.49999964:0.49999964</event>
        <event t="1787" type="eyePosition">0.49999973:0.49999973</event>
        <event t="1818" type="eyePosition">0.4999998:0.4999998</event>
        <event t="1849" type="eyePosition">0.49999985:0.49999985</event>
        <event t="1880" type="eyePosition">0.49999988:0.49999988</event>
        <event t="1912" type="eyePosition">0.4999999:0.4999999</event>
        <event t="1943" type="eyePosition">0.49999994:0.49999994</event>
        <event t="1975" type="eyePosition">0.49999994:0.49999994</event>
        <event t="2007" type="eyePosition">0.49999994:0.49999994</event>
        <event t="2039" type="eyePosition">0.49999994:0.49999994</event>
        <event t="2071" type="eyePosition">0.49999994:0.49999994</event>
        <event t="2102" type="eyePosition">0.49999994:0.49999994</event>
        <event t="2135" type="eyePosition">0.49999994:0.49999994</event>
        <event t="2166" type="eyePosition">0.49999994:0.49999994</event>
        <event t="2197" type="eyePosition">0.49999994:0.49999994</event>
        <event t="2228" type="eyePosition">0.49999994:0.49999994</event>
        <event t="2258" type="eyePosition">0.49999994:0.49999994</event>
        <event t="2289" type="action">A:B:GHIJKLM</event>
        <event t="2290" type="eyePosition">0.49999994:0.49999994</event>
        <event t="2320" type="eyePosition">0.49999994:0.49999994</event>
        <event t="2352" type="eyePosition">0.49999994:0.49999994</event>
        <event t="2383" type="eyePosition">0.49999994:0.49999994</event>
        <event t="2414" type="eyePosition">0.49999994:0.49999994</event>
        <event t="2445" type="eyePosition">0.49999994:0.49999994</event>
        <event t="2476" type="eyePosition">0.49999994:0.49999994</event>
        <event t="2507" type="eyePosition">0.49999994:0.49999994</event>
        <event t="2538" type="eyePosition">0.49999994:0.49999994</event>
        <event t="2568" type="eyePosition">0.49999994:0.49999994</event>
        <event t="2599" type="eyePosition">0.49999994:0.49999994</event>
        <event t="2630" type="eyePosition">0.49999994:0.49999994</event>
        <event t="2661" type="eyePosition">0.49999994:0.49999994</event>
        <event t="2693" type="eyePosition">0.49999994:0.49999994</event>
        <event t="2724" type="eyePosition">0.49999994:0.49999994</event>
        <event t="2755" type="eyePosition">0.49999994:0.49999994</event>
        <event t="2786" type="eyePosition">0.49999994:0.49999994</event>
        <event t="2817" type="eyePosition">0.49999994:0.49999994</event>
        <event t="2849" type="eyePosition">0.49999994:0.49999994</event>
        <event t="2880" type="eyePosition">0.49999994:0.49999994</event>
        <event t="2912" type="eyePosition">0.49999994:0.49999994</event>
        <event t="2943" type="eyePosition">0.49999994:0.49999994</event>
        <event t="2973" type="eyePosition">0.49999994:0.49999994</event>
        <event t="3005" type="eyePosition">0.49999994:0.49999994</event>
        <event t="3036" type="eyePosition">0.49999994:0.49999994</event>
        <event t="3067" type="eyePosition">0.49999994:0.49999994</event>
        <event t="3099" type="eyePosition">0.49999994:0.49999994</event>
        <event t="3129" type="eyePosition">0.49999994:0.49999994</event>
        <event t="3164" type="eyePosition">0.49999994:0.49999994</event>
        <event t="3191" type="eyePosition">0.49999994:0.49999994</event>
        <event t="3222" type="eyePosition">0.49999994:0.49999994</event>
        <event t="3254" type="eyePosition">0.49999994:0.49999994</event>
        <event t="3285" type="eyePosition">0.49999994:0.49999994</event>
        <event t="3301" type="action">A:B:NOPQRS</event>
        <event t="3316" type="eyePosition">0.49999994:0.49999994</event>
        <event t="3347" type="eyePosition">0.49999994:0.49999994</event>
        <event t="3377" type="eyePosition">0.49999994:0.49999994</event>
        <event t="3408" type="eyePosition">0.49999994:0.49999994</event>
        <event t="3439" type="eyePosition">0.49999994:0.49999994</event>
        <event t="3470" type="eyePosition">0.49999994:0.49999994</event>
        <event t="3501" type="eyePosition">0.49999994:0.49999994</event>
        <event t="3533" type="eyePosition">0.49999994:0.49999994</event>
        <event t="3567" type="eyePosition">0.49999994:0.49999994</event>
        <event t="3595" type="eyePosition">0.49999994:0.49999994</event>
        <event t="3627" type="eyePosition">0.49999994:0.49999994</event>
        <event t="3658" type="eyePosition">0.49999994:0.49999994</event>
        <event t="3690" type="eyePosition">0.49999994:0.49999994</event>
        <event t="3722" type="eyePosition">0.49999994:0.49999994</event>
        <event t="3752" type="eyePosition">0.49999994:0.49999994</event>
        <event t="3783" type="eyePosition">0.49999994:0.49999994</event>
        <event t="3814" type="eyePosition">0.49999994:0.49999994</event>
        <event t="3845" type="eyePosition">0.49999994:0.49999994</event>
        <event t="3877" type="eyePosition">0.49999994:0.49999994</event>
        <event t="3907" type="eyePosition">0.49999994:0.49999994</event>
        <event t="3938" type="eyePosition">0.49999994:0.49999994</event>
        <event t="3969" type="eyePosition">0.49999994:0.49999994</event>
        <event t="4000" type="eyePosition">0.49999994:0.49999994</event>
        <event t="4031" type="eyePosition">0.49999994:0.49999994</event>
        <event t="4063" type="eyePosition">0.49999994:0.49999994</event>
        <event t="4093" type="eyePosition">0.49999994:0.49999994</event>
        <event t="4124" type="eyePosition">0.49999994:0.49999994</event>
        <event t="4155" type="eyePosition">0.49999994:0.49999994</event>
        <event t="4187" type="eyePosition">0.49999994:0.49999994</event>
        <event t="4217" type="eyePosition">0.49999994:0.49999994</event>
        <event t="4248" type="eyePosition">0.49999994:0.49999994</event>
        <event t="4279" type="eyePosition">0.49999994:0.49999994</event>
        <event t="4310" type="eyePosition">0.49999994:0.49999994</event>
        <event t="4310" type="action">A:B:TUVWXYZ</event>
        <event t="4341" type="eyePosition">0.49999994:0.49999994</event>
        <event t="4372" type="eyePosition">0.49999994:0.49999994</event>
        <event t="4403" type="eyePosition">0.49999994:0.49999994</event>
        <event t="4435" type="eyePosition">0.49999994:0.49999994</event>
        <event t="4465" type="eyePosition">0.49999994:0.49999994</event>
        <event t="4496" type="eyePosition">0.49999994:0.49999994</event>
        <event t="4527" type="eyePosition">0.49999994:0.49999994</event>
        <event t="4558" type="eyePosition">0.49999994:0.49999994</event>
        <event t="4589" type="eyePosition">0.49999994:0.49999994</event>
        <event t="4620" type="eyePosition">0.49999994:0.49999994</event>
        <event t="4652" type="eyePosition">0.49999994:0.49999994</event>
        <event t="4684" type="eyePosition">0.49999994:0.49999994</event>
        <event t="4716" type="eyePosition">0.49999994:0.49999994</event>
        <event t="4747" type="eyePosition">0.49999994:0.49999994</event>
        <event t="4778" type="eyePosition">0.49999994:0.49999994</event>
        <event t="4808" type="eyePosition">0.49999994:0.49999994</event>
        <event t="4838" type="eyePosition">0.49999994:0.49999994</event>
        <event t="4869" type="eyePosition">0.49999994:0.49999994</event>
        <event t="4900" type="eyePosition">0.49999994:0.49999994</event>
        <event t="4931" type="eyePosition">0.49999994:0.49999994</event>
        <event t="4963" type="eyePosition">0.49999994:0.49999994</event>
        <event t="4993" type="eyePosition">0.49999994:0.49999994</event>
        <event t="5024" type="eyePosition">0.49999994:0.49999994</event>
    </events>
</recording>
